11:18:50> =======================================================================
11:18:50>         Auto-White Balance Adjusting Tool by Echom                     
11:18:50>         Software Version: 1.0.6
11:18:50>         Barcode of TV: 1
11:18:50> =======================================================================
11:18:50> TCP Connect
11:18:51> Start adjusting color temperature
11:18:53> Set backlight to 100
11:18:54> ========Adjust COOL1========
11:18:54> Init current colorTemp. RES: 1
11:18:55> _x/y/Lv: 2746 / 2821 / 163
11:18:55> _R/G/B: 128 / 128 / 128
11:18:55> Check colorTemp. RES: 2
11:18:55> SPEC: x = 2720 y = 2780
11:18:55> Tol: x = 30 y =  30
11:18:55> SET_RGB_GAN: R = 128, G = 128, B = 130, resultcode = 0
11:18:57> _x/y/Lv: 2719 / 2772 / 165
11:18:57> _R/G/B: 128 / 128 / 130
11:18:57> Check colorTemp. RES: 3
11:18:57> SPEC: x = 2720 y = 2780
11:18:57> Tol: x = 30 y =  30
11:18:57> Save current data of COOL1.
11:18:57> [Time]White Cool1: 6s
11:18:58> ========Adjust NORMAL========
11:18:58> Init current colorTemp. RES: 3
11:19:00> _x/y/Lv: 2742 / 2814 / 164
11:19:00> _R/G/B: 128 / 128 / 128
11:19:00> Check colorTemp. RES: 0
11:19:00> SPEC: x = 2790 y = 2910
11:19:00> Tol: x = 30 y =  30
11:19:00> SET_RGB_GAN: R = 128, G = 128, B = 124, resultcode = 0
11:19:01> _x/y/Lv: 2793 / 2910 / 163
11:19:01> _R/G/B: 128 / 128 / 124
11:19:01> Check colorTemp. RES: 3
11:19:01> SPEC: x = 2790 y = 2910
11:19:01> Tol: x = 30 y =  30
11:19:01> Save current data of NORMAL.
11:19:01> [Time]White Normal: 10s
11:19:02> ========Adjust WARM1========
11:19:02> Init current colorTemp. RES: 3
11:19:04> _x/y/Lv: 2742 / 2813 / 165
11:19:04> _R/G/B: 128 / 128 / 128
11:19:04> Check colorTemp. RES: 0
11:19:04> SPEC: x = 3130 y = 3290
11:19:04> Tol: x = 30 y =  30
11:19:04> SET_RGB_GAN: R = 128, G = 128, B = 105, resultcode = 0
11:19:05> _x/y/Lv: 3043 / 3382 / 160
11:19:05> _R/G/B: 128 / 128 / 105
11:19:05> Check colorTemp. RES: 0
11:19:05> SPEC: x = 3130 y = 3290
11:19:05> Tol: x = 30 y =  30
11:19:05> SET_RGB_GAN: R = 128, G = 128, B = 109, resultcode = 0
11:19:07> _x/y/Lv: 2992 / 3287 / 160
11:19:07> _R/G/B: 128 / 128 / 109
11:19:07> Check colorTemp. RES: 1
11:19:07> SPEC: x = 3130 y = 3290
11:19:07> Tol: x = 30 y =  30
11:19:07> SET_RGB_GAN: R = 135, G = 128, B = 100, resultcode = 4
11:19:08> _x/y/Lv: 3211 / 3490 / 163
11:19:08> _R/G/B: 135 / 128 / 100
11:19:08> Check colorTemp. RES: 0
11:19:08> SPEC: x = 3130 y = 3290
11:19:08> Tol: x = 30 y =  30
11:19:08> SET_RGB_GAN: R = 135, G = 128, B = 105, resultcode = 4
11:19:09> _x/y/Lv: 3146 / 3373 / 164
11:19:09> _R/G/B: 135 / 128 / 105
11:19:09> Check colorTemp. RES: 2
11:19:09> SPEC: x = 3130 y = 3290
11:19:09> Tol: x = 30 y =  30
11:19:09> SET_RGB_GAN: R = 135, G = 124, B = 105, resultcode = 2
11:19:10> _x/y/Lv: 3156 / 3277 / 155
11:19:10> _R/G/B: 135 / 124 / 105
11:19:10> Check colorTemp. RES: 3
11:19:10> SPEC: x = 3130 y = 3290
11:19:10> Tol: x = 30 y =  30
11:19:10> Save current data of WARM1.
11:19:10> [Time]White Warm1: 18s
11:19:11> ========Check COOL1========
11:19:11> Init current colorTemp. RES: 3
11:19:11> _x/y/Lv: 2720 / 2771 / 166
11:19:11> Check colorTemp. RES: 3
11:19:11> ========Check NORMAL========
11:19:12> Init current colorTemp. RES: 3
11:19:12> _x/y/Lv: 2794 / 2912 / 164
11:19:12> Check colorTemp. RES: 3
11:19:12> ========Check WARM1========
11:19:12> Init current colorTemp. RES: 3
11:19:12> _x/y/Lv: 3155 / 3276 / 155
11:19:12> Check colorTemp. RES: 3
11:19:13> Set brightness to 100
11:19:13> Set contrast to 100
11:19:14> Set color temp to cool1
11:19:14> lv = 338
11:19:14> _x/y/Lv: 2739 / 2816 / 338
11:19:15> Set both brightness and contrast to 50.
11:19:17> [Time]Total: 22s

13:55:27> =======================================================================
13:55:27>         Auto-White Balance Adjusting Tool by Echom                     
13:55:27>         Software Version: 1.0.6
13:55:27>         Barcode of TV: 1
13:55:27> =======================================================================
13:55:27> TCP Connect
13:55:28> Start adjusting color temperature
13:55:29> Set backlight to 100
13:55:30> ========Adjust COOL1========
13:55:30> Init current colorTemp. RES: 1
13:55:32> _x/y/Lv: 2738 / 2832 / 160
13:55:32> _R/G/B: 128 / 128 / 128
13:55:32> Check colorTemp. RES: 2
13:55:32> SPEC: x = 2720 y = 2780
13:55:32> Tol: x = 30 y =  30
13:55:32> SET_RGB_GAN: R = 128, G = 128, B = 130, resultcode = 0
13:55:33> _x/y/Lv: 2705 / 2770 / 166
13:55:33> _R/G/B: 128 / 128 / 130
13:55:33> Check colorTemp. RES: 3
13:55:33> SPEC: x = 2720 y = 2780
13:55:33> Tol: x = 30 y =  30
13:55:33> Save current data of COOL1.
13:55:33> [Time]White Cool1: 5s
13:55:35> ========Adjust NORMAL========
13:55:35> Init current colorTemp. RES: 3
13:55:36> _x/y/Lv: 2727 / 2816 / 167
13:55:36> _R/G/B: 128 / 128 / 128
13:55:36> Check colorTemp. RES: 0
13:55:36> SPEC: x = 2790 y = 2910
13:55:36> Tol: x = 30 y =  30
13:55:36> SET_RGB_GAN: R = 128, G = 128, B = 124, resultcode = 0
13:55:37> _x/y/Lv: 2777 / 2912 / 166
13:55:37> _R/G/B: 128 / 128 / 124
13:55:37> Check colorTemp. RES: 3
13:55:37> SPEC: x = 2790 y = 2910
13:55:37> Tol: x = 30 y =  30
13:55:37> Save current data of NORMAL.
13:55:38> [Time]White Normal: 9s
13:55:39> ========Adjust WARM1========
13:55:39> Init current colorTemp. RES: 3
13:55:40> _x/y/Lv: 2727 / 2818 / 168
13:55:40> _R/G/B: 128 / 128 / 128
13:55:40> Check colorTemp. RES: 0
13:55:40> SPEC: x = 3130 y = 3290
13:55:41> Tol: x = 30 y =  30
13:55:41> SET_RGB_GAN: R = 128, G = 128, B = 105, resultcode = 0
13:55:42> _x/y/Lv: 3022 / 3386 / 162
13:55:42> _R/G/B: 128 / 128 / 105
13:55:42> Check colorTemp. RES: 0
13:55:42> SPEC: x = 3130 y = 3290
13:55:42> Tol: x = 30 y =  30
13:55:42> SET_RGB_GAN: R = 128, G = 128, B = 109, resultcode = 0
13:55:43> _x/y/Lv: 2972 / 3289 / 163
13:55:43> _R/G/B: 128 / 128 / 109
13:55:43> Check colorTemp. RES: 1
13:55:43> SPEC: x = 3130 y = 3290
13:55:43> Tol: x = 30 y =  30
13:55:43> SET_RGB_GAN: R = 135, G = 128, B = 99, resultcode = 4
13:55:44> _x/y/Lv: 3204 / 3522 / 165
13:55:44> _R/G/B: 135 / 128 / 99
13:55:44> Check colorTemp. RES: 0
13:55:44> SPEC: x = 3130 y = 3290
13:55:44> Tol: x = 30 y =  30
13:55:44> SET_RGB_GAN: R = 135, G = 128, B = 103, resultcode = 4
13:55:45> _x/y/Lv: 3155 / 3433 / 166
13:55:45> _R/G/B: 135 / 128 / 103
13:55:45> Check colorTemp. RES: 2
13:55:45> SPEC: x = 3130 y = 3290
13:55:45> Tol: x = 30 y =  30
13:55:45> SET_RGB_GAN: R = 135, G = 121, B = 103, resultcode = 2
13:55:47> _x/y/Lv: 3176 / 3260 / 150
13:55:47> _R/G/B: 135 / 121 / 103
13:55:47> Check colorTemp. RES: 1
13:55:47> SPEC: x = 3130 y = 3290
13:55:47> Tol: x = 30 y =  30
13:55:47> SET_RGB_GAN: R = 132, G = 121, B = 103, resultcode = 2
13:55:48> _x/y/Lv: 3131 / 3265 / 148
13:55:48> _R/G/B: 132 / 121 / 103
13:55:48> Check colorTemp. RES: 3
13:55:48> SPEC: x = 3130 y = 3290
13:55:48> Tol: x = 30 y =  30
13:55:48> Save current data of WARM1.
13:55:48> [Time]White Warm1: 18s
13:55:48> ========Check COOL1========
13:55:48> Init current colorTemp. RES: 3
13:55:49> _x/y/Lv: 2705 / 2775 / 168
13:55:49> Check colorTemp. RES: 3
13:55:49> ========Check NORMAL========
13:55:49> Init current colorTemp. RES: 3
13:55:49> _x/y/Lv: 2776 / 2915 / 167
13:55:49> Check colorTemp. RES: 3
13:55:50> ========Check WARM1========
13:55:50> Init current colorTemp. RES: 3
13:55:50> _x/y/Lv: 3130 / 3265 / 148
13:55:50> Check colorTemp. RES: 3
13:55:51> Set brightness to 100
13:55:51> Set contrast to 100
13:55:52> Set color temp to cool1
13:55:52> lv = 342
13:55:52> _x/y/Lv: 2731 / 2829 / 342
13:55:53> Set both brightness and contrast to 50.
13:55:54> [Time]Total: 22s

15:31:17> =======================================================================
15:31:17>         Auto-White Balance Adjusting Tool by Echom                     
15:31:17>         Software Version: 1.0.6
15:31:17>         Barcode of TV: 1
15:31:17> =======================================================================
15:31:17> TCP Connect
15:31:18> Start adjusting color temperature
15:31:19> Set backlight to 100
15:31:20> ========Adjust COOL1========
15:31:20> Init current colorTemp. RES: 1
15:31:22> _x/y/Lv: 2739 / 2813 / 160
15:31:22> _R/G/B: 128 / 128 / 128
15:31:22> Check colorTemp. RES: 2
15:31:22> SPEC: x = 2720 y = 2780
15:31:22> Tol: x = 30 y =  30
15:31:22> SET_RGB_GAN: R = 128, G = 128, B = 129, resultcode = 0
15:31:23> _x/y/Lv: 2722 / 2786 / 160
15:31:23> _R/G/B: 128 / 128 / 129
15:31:23> Check colorTemp. RES: 3
15:31:23> SPEC: x = 2720 y = 2780
15:31:23> Tol: x = 30 y =  30
15:31:23> Save current data of COOL1.
15:31:23> [Time]White Cool1: 6s
15:31:25> ========Adjust NORMAL========
15:31:25> Init current colorTemp. RES: 3
15:31:26> _x/y/Lv: 2731 / 2799 / 161
15:31:26> _R/G/B: 128 / 128 / 128
15:31:26> Check colorTemp. RES: 0
15:31:26> SPEC: x = 2790 y = 2910
15:31:26> Tol: x = 30 y =  30
15:31:26> SET_RGB_GAN: R = 128, G = 128, B = 123, resultcode = 0
15:31:27> _x/y/Lv: 2794 / 2918 / 158
15:31:27> _R/G/B: 128 / 128 / 123
15:31:27> Check colorTemp. RES: 3
15:31:27> SPEC: x = 2790 y = 2910
15:31:27> Tol: x = 30 y =  30
15:31:28> Save current data of NORMAL.
15:31:28> [Time]White Normal: 10s
15:31:29> ========Adjust WARM1========
15:31:29> Init current colorTemp. RES: 3
15:31:31> _x/y/Lv: 2733 / 2805 / 159
15:31:31> _R/G/B: 128 / 128 / 128
15:31:31> Check colorTemp. RES: 0
15:31:31> SPEC: x = 3130 y = 3290
15:31:31> Tol: x = 30 y =  30
15:31:31> SET_RGB_GAN: R = 128, G = 128, B = 104, resultcode = 0
15:31:32> _x/y/Lv: 3045 / 3396 / 155
15:31:32> _R/G/B: 128 / 128 / 104
15:31:32> Check colorTemp. RES: 0
15:31:32> SPEC: x = 3130 y = 3290
15:31:32> Tol: x = 30 y =  30
15:31:32> SET_RGB_GAN: R = 128, G = 128, B = 109, resultcode = 0
15:31:33> _x/y/Lv: 2981 / 3270 / 154
15:31:33> _R/G/B: 128 / 128 / 109
15:31:33> Check colorTemp. RES: 1
15:31:33> SPEC: x = 3130 y = 3290
15:31:33> Tol: x = 30 y =  30
15:31:33> SET_RGB_GAN: R = 135, G = 128, B = 100, resultcode = 4
15:31:34> _x/y/Lv: 3201 / 3475 / 158
15:31:34> _R/G/B: 135 / 128 / 100
15:31:34> Check colorTemp. RES: 0
15:31:34> SPEC: x = 3130 y = 3290
15:31:34> Tol: x = 30 y =  30
15:31:34> SET_RGB_GAN: R = 135, G = 128, B = 104, resultcode = 4
15:31:35> _x/y/Lv: 3149 / 3380 / 160
15:31:35> _R/G/B: 135 / 128 / 104
15:31:35> Check colorTemp. RES: 2
15:31:35> SPEC: x = 3130 y = 3290
15:31:36> Tol: x = 30 y =  30
15:31:36> SET_RGB_GAN: R = 135, G = 124, B = 104, resultcode = 2
15:31:37> _x/y/Lv: 3161 / 3288 / 151
15:31:37> _R/G/B: 135 / 124 / 104
15:31:37> Check colorTemp. RES: 1
15:31:37> SPEC: x = 3130 y = 3290
15:31:37> Tol: x = 30 y =  30
15:31:37> SET_RGB_GAN: R = 133, G = 124, B = 104, resultcode = 2
15:31:38> _x/y/Lv: 3131 / 3290 / 150
15:31:38> _R/G/B: 133 / 124 / 104
15:31:38> Check colorTemp. RES: 3
15:31:38> SPEC: x = 3130 y = 3290
15:31:38> Tol: x = 30 y =  30
15:31:38> Save current data of WARM1.
15:31:38> [Time]White Warm1: 19s
15:31:38> ========Check COOL1========
15:31:38> Init current colorTemp. RES: 3
15:31:39> _x/y/Lv: 2723 / 2783 / 161
15:31:39> Check colorTemp. RES: 3
15:31:39> ========Check NORMAL========
15:31:39> Init current colorTemp. RES: 3
15:31:39> _x/y/Lv: 2796 / 2920 / 160
15:31:39> Check colorTemp. RES: 3
15:31:40> ========Check WARM1========
15:31:40> Init current colorTemp. RES: 3
15:31:40> _x/y/Lv: 3132 / 3292 / 149
15:31:40> Check colorTemp. RES: 3
15:31:41> Set brightness to 100
15:31:41> Set contrast to 100
15:31:41> Set color temp to cool1
15:31:42> lv = 330
15:31:42> _x/y/Lv: 2732 / 2805 / 331
15:31:43> Set both brightness and contrast to 50.
15:31:44> [Time]Total: 23s

16:15:17> =======================================================================
16:15:17>         Auto-White Balance Adjusting Tool by Echom                     
16:15:17>         Software Version: 1.0.6
16:15:17>         Barcode of TV: 1
16:15:17> =======================================================================
16:15:17> TCP Connect
16:15:17> Start adjusting color temperature
16:15:18> Set backlight to 100
16:15:19> ========Adjust COOL1========
16:15:19> Init current colorTemp. RES: 1
16:15:21> _x/y/Lv: 2738 / 2827 / 160
16:15:21> _R/G/B: 128 / 128 / 128
16:15:21> Check colorTemp. RES: 2
16:15:21> SPEC: x = 2720 y = 2780
16:15:21> Tol: x = 30 y =  30
16:15:21> SET_RGB_GAN: R = 128, G = 128, B = 130, resultcode = 0
16:15:22> _x/y/Lv: 2700 / 2771 / 169
16:15:22> _R/G/B: 128 / 128 / 130
16:15:22> Check colorTemp. RES: 3
16:15:22> SPEC: x = 2720 y = 2780
16:15:22> Tol: x = 30 y =  30
16:15:22> Save current data of COOL1.
16:15:23> [Time]White Cool1: 5s
16:15:24> ========Adjust NORMAL========
16:15:24> Init current colorTemp. RES: 3
16:15:25> _x/y/Lv: 2724 / 2821 / 169
16:15:25> _R/G/B: 128 / 128 / 128
16:15:25> Check colorTemp. RES: 0
16:15:25> SPEC: x = 2790 y = 2910
16:15:25> Tol: x = 30 y =  30
16:15:25> SET_RGB_GAN: R = 128, G = 128, B = 124, resultcode = 0
16:15:26> _x/y/Lv: 2773 / 2916 / 168
16:15:26> _R/G/B: 128 / 128 / 124
16:15:27> Check colorTemp. RES: 3
16:15:27> SPEC: x = 2790 y = 2910
16:15:27> Tol: x = 30 y =  30
16:15:27> Save current data of NORMAL.
16:15:27> [Time]White Normal: 9s
16:15:28> ========Adjust WARM1========
16:15:28> Init current colorTemp. RES: 3
16:15:30> _x/y/Lv: 2724 / 2820 / 168
16:15:30> _R/G/B: 128 / 128 / 128
16:15:30> Check colorTemp. RES: 0
16:15:30> SPEC: x = 3130 y = 3290
16:15:30> Tol: x = 30 y =  30
16:15:30> SET_RGB_GAN: R = 128, G = 128, B = 105, resultcode = 0
16:15:31> _x/y/Lv: 3018 / 3388 / 163
16:15:31> _R/G/B: 128 / 128 / 105
16:15:31> Check colorTemp. RES: 0
16:15:31> SPEC: x = 3130 y = 3290
16:15:31> Tol: x = 30 y =  30
16:15:31> SET_RGB_GAN: R = 128, G = 128, B = 109, resultcode = 0
16:15:32> _x/y/Lv: 2969 / 3292 / 163
16:15:32> _R/G/B: 128 / 128 / 109
16:15:32> Check colorTemp. RES: 1
16:15:32> SPEC: x = 3130 y = 3290
16:15:32> Tol: x = 30 y =  30
16:15:32> SET_RGB_GAN: R = 135, G = 128, B = 99, resultcode = 4
16:15:33> _x/y/Lv: 3200 / 3526 / 166
16:15:33> _R/G/B: 135 / 128 / 99
16:15:33> Check colorTemp. RES: 0
16:15:33> SPEC: x = 3130 y = 3290
16:15:33> Tol: x = 30 y =  30
16:15:34> SET_RGB_GAN: R = 135, G = 128, B = 103, resultcode = 4
16:15:35> _x/y/Lv: 3148 / 3434 / 166
16:15:35> _R/G/B: 135 / 128 / 103
16:15:35> Check colorTemp. RES: 2
16:15:35> SPEC: x = 3130 y = 3290
16:15:35> Tol: x = 30 y =  30
16:15:35> SET_RGB_GAN: R = 135, G = 121, B = 103, resultcode = 2
16:15:36> _x/y/Lv: 3170 / 3260 / 150
16:15:36> _R/G/B: 135 / 121 / 103
16:15:36> Check colorTemp. RES: 1
16:15:36> SPEC: x = 3130 y = 3290
16:15:36> Tol: x = 30 y =  30
16:15:36> SET_RGB_GAN: R = 133, G = 121, B = 103, resultcode = 2
16:15:37> _x/y/Lv: 3142 / 3262 / 149
16:15:37> _R/G/B: 133 / 121 / 103
16:15:37> Check colorTemp. RES: 3
16:15:37> SPEC: x = 3130 y = 3290
16:15:37> Tol: x = 30 y =  30
16:15:37> Save current data of WARM1.
16:15:37> [Time]White Warm1: 18s
16:15:38> ========Check COOL1========
16:15:38> Init current colorTemp. RES: 3
16:15:38> _x/y/Lv: 2700 / 2774 / 169
16:15:38> Check colorTemp. RES: 3
16:15:38> ========Check NORMAL========
16:15:38> Init current colorTemp. RES: 3
16:15:39> _x/y/Lv: 2774 / 2916 / 168
16:15:39> Check colorTemp. RES: 3
16:15:39> ========Check WARM1========
16:15:39> Init current colorTemp. RES: 3
16:15:39> _x/y/Lv: 3143 / 3265 / 150
16:15:39> Check colorTemp. RES: 3
16:15:40> Set brightness to 100
16:15:40> Set contrast to 100
16:15:41> Set color temp to cool1
16:15:41> lv = 343
16:15:41> _x/y/Lv: 2731 / 2833 / 343
16:15:42> Set both brightness and contrast to 50.
16:15:43> [Time]Total: 22s

